s:\groth\documents\old-big-pc-c\carleton\comp4102a-16-current\opencvexample\opencvexample\x64\debug\vc120.pdb
s:\groth\documents\old-big-pc-c\carleton\comp4102a-16-current\opencvexample\opencvexample\x64\debug\vc120.idb
s:\groth\documents\old-big-pc-c\carleton\comp4102a-16-current\opencvexample\opencvexample\x64\debug\opencvexample.obj
c:\users\gjswp\documents\university\computer science\comp 4102\project\opencvexample\x64\debug\vc142.pdb
c:\users\gjswp\documents\university\computer science\comp 4102\project\opencvexample\x64\debug\vc142.idb
c:\users\gjswp\documents\university\computer science\comp 4102\project\opencvexample\x64\debug\opencvexample.obj
s:\groth\documents\old-big-pc-c\carleton\comp4102a-16-current\opencvexample\x64\debug\opencvexample.ilk
s:\groth\documents\old-big-pc-c\carleton\comp4102a-16-current\opencvexample\x64\debug\opencvexample.exe
s:\groth\documents\old-big-pc-c\carleton\comp4102a-16-current\opencvexample\x64\debug\opencvexample.pdb
c:\users\gjswp\documents\university\computer science\comp 4102\project\x64\debug\opencvexample.ilk
c:\users\gjswp\documents\university\computer science\comp 4102\project\x64\debug\opencvexample.exe
c:\users\gjswp\documents\university\computer science\comp 4102\project\x64\debug\opencvexample.pdb
c:\users\gjswp\documents\university\computer science\comp 4102\project\opencvexample\x64\debug\vc120.idb
c:\users\gjswp\documents\university\computer science\comp 4102\project\opencvexample\x64\debug\vc120.pdb
c:\users\gjswp\documents\university\computer science\comp 4102\project\opencvexample\x64\debug\opencvexample.tlog\cl.command.1.tlog
c:\users\gjswp\documents\university\computer science\comp 4102\project\opencvexample\x64\debug\opencvexample.tlog\cl.read.1.tlog
c:\users\gjswp\documents\university\computer science\comp 4102\project\opencvexample\x64\debug\opencvexample.tlog\cl.write.1.tlog
c:\users\gjswp\documents\university\computer science\comp 4102\project\opencvexample\x64\debug\opencvexample.tlog\link.command.1.tlog
c:\users\gjswp\documents\university\computer science\comp 4102\project\opencvexample\x64\debug\opencvexample.tlog\link.delete.1.tlog
c:\users\gjswp\documents\university\computer science\comp 4102\project\opencvexample\x64\debug\opencvexample.tlog\link.read.1.tlog
c:\users\gjswp\documents\university\computer science\comp 4102\project\opencvexample\x64\debug\opencvexample.tlog\link.write.1.tlog
